22:47:44 DEBUG : Logs will be stored at 'D:/Xilinx/Workspace/1.Study/UART_LIFE/IDE.log'.
22:47:47 INFO  : Registering command handlers for Vitis TCF services
22:47:47 INFO  : Launching XSCT server: xsct.bat -n  -interactive D:\Xilinx\Workspace\1.Study\UART_LIFE\temp_xsdb_launch_script.tcl
22:47:48 INFO  : Platform repository initialization has completed.
22:47:52 INFO  : XSCT server has started successfully.
22:47:58 INFO  : Successfully done setting XSCT server connection channel  
22:47:58 INFO  : plnx-install-location is set to ''
22:47:58 INFO  : Successfully done query RDI_DATADIR 
22:47:58 INFO  : Successfully done setting workspace for the tool. 
22:48:36 INFO  : Result from executing command 'getProjects': UART_LIFE
22:48:36 INFO  : Result from executing command 'getPlatforms': xilinx_zcu102_base_202220_1|C:/Xilinx/Vitis/2022.2/base_platforms/xilinx_zcu102_base_202220_1/xilinx_zcu102_base_202220_1.xpfm;xilinx_zcu102_base_dfx_202220_1|C:/Xilinx/Vitis/2022.2/base_platforms/xilinx_zcu102_base_dfx_202220_1/xilinx_zcu102_base_dfx_202220_1.xpfm;xilinx_zcu104_base_202220_1|C:/Xilinx/Vitis/2022.2/base_platforms/xilinx_zcu104_base_202220_1/xilinx_zcu104_base_202220_1.xpfm
00:00:39 INFO  : Result from executing command 'getProjects': UART_LIFE
00:00:39 INFO  : Result from executing command 'getPlatforms': UART_LIFE|D:/Xilinx/Workspace/1.Study/UART_LIFE/UART_LIFE/export/UART_LIFE/UART_LIFE.xpfm;xilinx_zcu102_base_202220_1|C:/Xilinx/Vitis/2022.2/base_platforms/xilinx_zcu102_base_202220_1/xilinx_zcu102_base_202220_1.xpfm;xilinx_zcu102_base_dfx_202220_1|C:/Xilinx/Vitis/2022.2/base_platforms/xilinx_zcu102_base_dfx_202220_1/xilinx_zcu102_base_dfx_202220_1.xpfm;xilinx_zcu104_base_202220_1|C:/Xilinx/Vitis/2022.2/base_platforms/xilinx_zcu104_base_202220_1/xilinx_zcu104_base_202220_1.xpfm
00:00:40 INFO  : Checking for BSP changes to sync application flags for project 'UART_LITE_SW'...
00:07:35 INFO  : Checking for BSP changes to sync application flags for project 'UART_LITE_SW'...
00:07:50 INFO  : Checking for BSP changes to sync application flags for project 'UART_LITE_SW'...
00:08:30 INFO  : Checking for BSP changes to sync application flags for project 'UART_LITE_SW'...
00:08:40 INFO  : Checking for BSP changes to sync application flags for project 'UART_LITE_SW'...
00:08:59 INFO  : Result from executing command 'removePlatformRepo': 
00:09:40 INFO  : Result from executing command 'getProjects': UART_LIFE
00:09:40 INFO  : Result from executing command 'getPlatforms': xilinx_zcu102_base_202220_1|C:/Xilinx/Vitis/2022.2/base_platforms/xilinx_zcu102_base_202220_1/xilinx_zcu102_base_202220_1.xpfm;xilinx_zcu102_base_dfx_202220_1|C:/Xilinx/Vitis/2022.2/base_platforms/xilinx_zcu102_base_dfx_202220_1/xilinx_zcu102_base_dfx_202220_1.xpfm;xilinx_zcu104_base_202220_1|C:/Xilinx/Vitis/2022.2/base_platforms/xilinx_zcu104_base_202220_1/xilinx_zcu104_base_202220_1.xpfm
00:09:41 INFO  : Checking for BSP changes to sync application flags for project 'UART_LITE_SW'...
00:10:09 INFO  : Checking for BSP changes to sync application flags for project 'UART_LITE_SW'...
00:12:18 INFO  : Checking for BSP changes to sync application flags for project 'UART_LITE_SW'...
00:12:50 INFO  : Checking for BSP changes to sync application flags for project 'UART_LITE_SW'...
